2014-08-26T14:34:43.789396+08:00		sql	0.000267	1:(localhost) SELECT * FROM thread; ()
2014-08-26T14:35:27.816876+08:00		sql	0.000057	1:(localhost) SELECT * FROM thread; ()
2014-08-26T14:38:44.073239+08:00		sql	0.000124	1:(localhost) SELECT * FROM thread; ()
2014-08-26T14:38:53.176468+08:00		sql	0.000114	1:(localhost) SELECT * FROM thread; ()
2014-08-26T14:38:54.738768+08:00		sql	0.000117	1:(localhost) SELECT * FROM thread; ()
2014-08-26T14:38:55.585531+08:00		sql	0.000057	1:(localhost) SELECT * FROM thread; ()
2014-08-26T14:38:55.852701+08:00		sql	0.000115	1:(localhost) SELECT * FROM thread; ()
2014-08-26T14:38:56.187263+08:00		sql	0.000106	1:(localhost) SELECT * FROM thread; ()
2014-08-26T14:38:56.415236+08:00		sql	0.000113	1:(localhost) SELECT * FROM thread; ()
2014-08-26T14:42:37.693351+08:00		sql	0.000092	1:(localhost) SELECT * FROM thread; ()
2014-08-26T14:47:53.105621+08:00		sql	0.000120	1:(localhost) SELECT * FROM thread; ()
2014-08-26T14:47:53.739931+08:00		sql	0.000104	1:(localhost) SELECT * FROM thread; ()
2014-08-26T14:47:53.955492+08:00		sql	0.000106	1:(localhost) SELECT * FROM thread; ()
2014-08-26T14:54:16.809623+08:00		sql	0.000182	1:(localhost) SELECT * FROM thread; ()
2014-08-26T14:54:16.980059+08:00		sql	0.000129	1:(localhost) SELECT * FROM thread; ()
2014-08-26T14:54:17.224914+08:00		sql	0.000130	1:(localhost) SELECT * FROM thread; ()
2014-08-26T14:54:17.675714+08:00		sql	0.000104	1:(localhost) SELECT * FROM thread; ()
2014-08-26T14:54:17.896987+08:00		sql	0.000122	1:(localhost) SELECT * FROM thread; ()
2014-08-26T14:54:18.156743+08:00		sql	0.000110	1:(localhost) SELECT * FROM thread; ()
2014-08-26T14:54:18.400593+08:00		sql	0.000123	1:(localhost) SELECT * FROM thread; ()
2014-08-26T14:54:18.646600+08:00		sql	0.000126	1:(localhost) SELECT * FROM thread; ()
2014-08-26T14:54:18.880592+08:00		sql	0.000116	1:(localhost) SELECT * FROM thread; ()
2014-08-26T14:54:19.093506+08:00		sql	0.000113	1:(localhost) SELECT * FROM thread; ()
2014-08-26T14:54:19.336473+08:00		sql	0.000060	1:(localhost) SELECT * FROM thread; ()
2014-08-26T14:54:19.536433+08:00		sql	0.000084	1:(localhost) SELECT * FROM thread; ()
2014-08-26T14:54:19.776662+08:00		sql	0.000084	1:(localhost) SELECT * FROM thread; ()
2014-08-26T14:54:19.968598+08:00		sql	0.000110	1:(localhost) SELECT * FROM thread; ()
2014-08-26T14:54:20.216746+08:00		sql	0.000130	1:(localhost) SELECT * FROM thread; ()
2014-08-26T14:55:57.429552+08:00		sql	0.000049	1:(localhost) SELECT * FROM thread; ()
2014-08-26T14:55:57.868658+08:00		sql	0.000071	1:(localhost) SELECT * FROM thread; ()
2014-08-26T14:55:58.072632+08:00		sql	0.000118	1:(localhost) SELECT * FROM thread; ()
2014-08-26T15:28:33.132216+08:00		sql	0.000158	1:(localhost) SELECT * FROM thread; ()
2014-08-26T15:28:33.403656+08:00		sql	0.000110	1:(localhost) SELECT * FROM thread; ()
2014-08-26T15:28:33.634687+08:00		sql	0.000113	1:(localhost) SELECT * FROM thread; ()
2014-08-26T15:28:33.851188+08:00		sql	0.000110	1:(localhost) SELECT * FROM thread; ()
2014-08-26T15:30:54.696884+08:00		sql	0.000106	1:(localhost) SELECT * FROM thread; ()
2014-08-26T15:30:54.939960+08:00		sql	0.000104	1:(localhost) SELECT * FROM thread; ()
2014-08-26T15:32:44.685524+08:00		sql	0.000369	1:(localhost) SELECT * FROM thread WHERE id = ?; (2)
2014-08-26T15:38:33.722646+08:00		sql	0.000128	1:(localhost) SELECT * FROM thread WHERE id = ?; (2)
2014-08-26T15:38:33.723564+08:00		sql	0.000455	2:(localhost) SELECT * FROM comment WHERE thread_id = ? ORDER BY created ASC; (2)
2014-08-26T15:38:34.056279+08:00		sql	0.000140	1:(localhost) SELECT * FROM thread WHERE id = ?; (2)
2014-08-26T15:38:34.056623+08:00		sql	0.000086	2:(localhost) SELECT * FROM comment WHERE thread_id = ? ORDER BY created ASC; (2)
2014-08-26T15:38:34.402979+08:00		sql	0.000116	1:(localhost) SELECT * FROM thread WHERE id = ?; (2)
2014-08-26T15:38:34.403505+08:00		sql	0.000119	2:(localhost) SELECT * FROM comment WHERE thread_id = ? ORDER BY created ASC; (2)
2014-08-26T15:38:34.616265+08:00		sql	0.000102	1:(localhost) SELECT * FROM thread WHERE id = ?; (2)
2014-08-26T15:38:34.616799+08:00		sql	0.000116	2:(localhost) SELECT * FROM comment WHERE thread_id = ? ORDER BY created ASC; (2)
2014-08-26T15:38:36.447362+08:00		sql	0.000340	1:(localhost) SELECT * FROM thread WHERE id = ?; (1)
2014-08-26T15:38:36.448057+08:00		sql	0.000325	2:(localhost) SELECT * FROM comment WHERE thread_id = ? ORDER BY created ASC; (1)
2014-08-26T15:38:44.970722+08:00		sql	0.000134	1:(localhost) SELECT * FROM thread WHERE id = ?; (2)
2014-08-26T15:38:44.971260+08:00		sql	0.000099	2:(localhost) SELECT * FROM comment WHERE thread_id = ? ORDER BY created ASC; (2)
2014-08-26T15:38:47.476060+08:00		sql	0.000088	1:(localhost) SELECT * FROM thread WHERE id = ?; (1)
2014-08-26T15:38:47.476319+08:00		sql	0.000066	2:(localhost) SELECT * FROM comment WHERE thread_id = ? ORDER BY created ASC; (1)
2014-08-26T15:40:00.951563+08:00		sql	0.000143	1:(localhost) SELECT * FROM thread WHERE id = ?; (1)
2014-08-26T15:40:00.955158+08:00		sql	0.000473	2:(localhost) SELECT * FROM comment WHERE thread_id = ? ORDER BY created ASC; (1)
2014-08-26T15:40:01.135158+08:00		sql	0.000114	1:(localhost) SELECT * FROM thread WHERE id = ?; (1)
2014-08-26T15:40:01.135705+08:00		sql	0.000112	2:(localhost) SELECT * FROM comment WHERE thread_id = ? ORDER BY created ASC; (1)
2014-08-26T15:40:03.993768+08:00		sql	0.000134	1:(localhost) SELECT * FROM thread WHERE id = ?; (2)
2014-08-26T15:40:03.994620+08:00		sql	0.000444	2:(localhost) SELECT * FROM comment WHERE thread_id = ? ORDER BY created ASC; (2)
2014-08-26T15:44:19.331745+08:00		sql	0.000111	1:(localhost) SELECT * FROM thread; ()
2014-08-26T15:44:19.695789+08:00		sql	0.000118	1:(localhost) SELECT * FROM thread; ()
2014-08-26T15:44:19.899454+08:00		sql	0.000110	1:(localhost) SELECT * FROM thread; ()
2014-08-26T15:44:20.387465+08:00		sql	0.000099	1:(localhost) SELECT * FROM thread WHERE id = ?; (1)
2014-08-26T15:44:20.387730+08:00		sql	0.000051	2:(localhost) SELECT * FROM comment WHERE thread_id = ? ORDER BY created ASC; (1)
2014-08-26T15:44:30.377939+08:00		sql	0.000097	1:(localhost) SELECT * FROM thread WHERE id = ?; (1)
2014-08-26T15:44:30.378205+08:00		sql	0.000050	2:(localhost) SELECT * FROM comment WHERE thread_id = ? ORDER BY created ASC; (1)
2014-08-26T15:44:44.483832+08:00		sql	0.000120	1:(localhost) SELECT * FROM thread WHERE id = ?; (1)
2014-08-26T15:44:44.484368+08:00		sql	0.000140	2:(localhost) SELECT * FROM comment WHERE thread_id = ? ORDER BY created ASC; (1)
2014-08-26T15:44:45.289980+08:00		sql	0.000081	1:(localhost) SELECT * FROM thread WHERE id = ?; (1)
2014-08-26T15:44:45.290248+08:00		sql	0.000049	2:(localhost) SELECT * FROM comment WHERE thread_id = ? ORDER BY created ASC; (1)
2014-08-26T15:44:58.600442+08:00		sql	0.000158	1:(localhost) SELECT * FROM thread WHERE id = ?; (1)
2014-08-26T15:44:58.600941+08:00		sql	0.000100	2:(localhost) SELECT * FROM comment WHERE thread_id = ? ORDER BY created ASC; (1)
2014-08-26T15:45:20.520396+08:00		sql	0.000074	1:(localhost) SELECT * FROM thread WHERE id = ?; (1)
2014-08-26T15:45:20.520642+08:00		sql	0.000040	2:(localhost) SELECT * FROM comment WHERE thread_id = ? ORDER BY created ASC; (1)
2014-08-26T15:45:35.095762+08:00		sql	0.000119	1:(localhost) SELECT * FROM thread WHERE id = ?; (1)
2014-08-26T15:45:35.096307+08:00		sql	0.000120	2:(localhost) SELECT * FROM comment WHERE thread_id = ? ORDER BY created ASC; (1)
2014-08-26T15:45:41.501358+08:00		sql	0.000065	1:(localhost) SELECT * FROM thread WHERE id = ?; (1)
2014-08-26T15:45:41.501609+08:00		sql	0.000039	2:(localhost) SELECT * FROM comment WHERE thread_id = ? ORDER BY created ASC; (1)
2014-08-26T15:45:41.799902+08:00		sql	0.000098	1:(localhost) SELECT * FROM thread WHERE id = ?; (1)
2014-08-26T15:45:41.800192+08:00		sql	0.000037	2:(localhost) SELECT * FROM comment WHERE thread_id = ? ORDER BY created ASC; (1)
2014-08-26T15:45:45.294384+08:00		sql	0.000109	1:(localhost) SELECT * FROM thread WHERE id = ?; (1)
2014-08-26T15:45:45.294876+08:00		sql	0.000118	2:(localhost) SELECT * FROM comment WHERE thread_id = ? ORDER BY created ASC; (1)
2014-08-26T15:45:50.096437+08:00		sql	0.000112	1:(localhost) SELECT * FROM thread WHERE id = ?; (1)
2014-08-26T15:45:50.096741+08:00		sql	0.000051	2:(localhost) SELECT * FROM comment WHERE thread_id = ? ORDER BY created ASC; (1)
2014-08-26T15:45:56.296230+08:00		sql	0.000060	1:(localhost) SELECT * FROM thread WHERE id = ?; (1)
2014-08-26T15:45:56.296534+08:00		sql	0.000037	2:(localhost) SELECT * FROM comment WHERE thread_id = ? ORDER BY created ASC; (1)
2014-08-26T15:46:03.569184+08:00		sql	0.000127	1:(localhost) SELECT * FROM thread WHERE id = ?; (1)
2014-08-26T15:46:03.569677+08:00		sql	0.000095	2:(localhost) SELECT * FROM comment WHERE thread_id = ? ORDER BY created ASC; (1)
2014-08-26T15:46:11.984776+08:00		sql	0.000120	1:(localhost) SELECT * FROM thread WHERE id = ?; (1)
2014-08-26T15:46:11.985317+08:00		sql	0.000105	2:(localhost) SELECT * FROM comment WHERE thread_id = ? ORDER BY created ASC; (1)
2014-08-26T15:46:15.069158+08:00		sql	0.000109	1:(localhost) SELECT * FROM thread WHERE id = ?; (1)
2014-08-26T15:46:15.069681+08:00		sql	0.000100	2:(localhost) SELECT * FROM comment WHERE thread_id = ? ORDER BY created ASC; (1)
2014-08-26T15:49:28.209838+08:00		sql	0.000052	1:(localhost) SELECT * FROM thread; ()
2014-08-26T15:49:29.562377+08:00		sql	0.000142	1:(localhost) SELECT * FROM thread WHERE id = ?; (1)
2014-08-26T15:49:29.562889+08:00		sql	0.000124	2:(localhost) SELECT * FROM comment WHERE thread_id = ? ORDER BY created ASC; (1)
2014-08-26T15:54:06.957673+08:00		sql	0.000058	1:(localhost) SELECT * FROM thread WHERE id = ?; (1)
2014-08-26T15:54:10.672143+08:00		sql	0.000051	1:(localhost) SELECT * FROM thread WHERE id = ?; (1)
2014-08-26T15:54:10.672406+08:00		sql	0.000051	2:(localhost) SELECT * FROM comment WHERE thread_id = ? ORDER BY created ASC; (1)
2014-08-26T15:54:15.634021+08:00		sql	0.000110	1:(localhost) SELECT * FROM thread WHERE id = ?; (2)
2014-08-26T15:54:15.634541+08:00		sql	0.000102	2:(localhost) SELECT * FROM comment WHERE thread_id = ? ORDER BY created ASC; (2)
2014-08-26T15:54:31.666854+08:00		sql	0.000058	1:(localhost) SELECT * FROM thread WHERE id = ?; (2)
2014-08-26T15:55:58.785974+08:00		sql	0.000065	1:(localhost) SELECT * FROM thread WHERE id = ?; (2)
2014-08-26T15:56:13.252032+08:00		sql	0.000115	1:(localhost) SELECT * FROM thread WHERE id = ?; (2)
2014-08-26T15:56:48.961301+08:00		sql	0.000078	1:(localhost) SELECT * FROM thread WHERE id = ?; (2)
2014-08-26T15:56:48.991857+08:00		sql	0.030169	2:(localhost) INSERT INTO comment SET thread_id = ?, username = ?, body = ?, created = NOW(); (2, ha, pano magadd)
2014-08-26T16:00:11.266621+08:00		sql	0.000063	1:(localhost) SELECT * FROM thread WHERE id = ?; (2)
2014-08-26T16:00:11.298209+08:00		sql	0.031203	2:(localhost) INSERT INTO comment SET thread_id = ?, username = ?, body = ?, created = NOW(); (2, ha, pano magadd)
2014-08-26T16:00:20.521319+08:00		sql	0.000070	1:(localhost) SELECT * FROM thread WHERE id = ?; (2)
2014-08-26T16:00:20.555265+08:00		sql	0.033498	2:(localhost) INSERT INTO comment SET thread_id = ?, username = ?, body = ?, created = NOW(); (2, ha, pano magadd)
2014-08-26T16:00:36.806555+08:00		sql	0.000049	1:(localhost) SELECT * FROM thread WHERE id = ?; (2)
2014-08-26T16:00:36.837962+08:00		sql	0.031075	2:(localhost) INSERT INTO comment SET thread_id = ?, username = ?, body = ?, created = NOW(); (2, ha, pano magadd)
2014-08-26T16:00:40.345247+08:00		sql	0.000059	1:(localhost) SELECT * FROM thread WHERE id = ?; (2)
2014-08-26T16:00:40.345724+08:00		sql	0.000282	2:(localhost) SELECT * FROM comment WHERE thread_id = ? ORDER BY created ASC; (2)
2014-08-26T16:00:49.316986+08:00		sql	0.000125	1:(localhost) SELECT * FROM thread; ()
2014-08-26T16:00:50.826422+08:00		sql	0.000101	1:(localhost) SELECT * FROM thread WHERE id = ?; (1)
2014-08-26T16:00:50.827236+08:00		sql	0.000419	2:(localhost) SELECT * FROM comment WHERE thread_id = ? ORDER BY created ASC; (1)
2014-08-26T16:00:56.977124+08:00		sql	0.000059	1:(localhost) SELECT * FROM thread WHERE id = ?; (2)
2014-08-26T16:00:56.977377+08:00		sql	0.000041	2:(localhost) SELECT * FROM comment WHERE thread_id = ? ORDER BY created ASC; (2)
2014-08-26T16:01:17.037790+08:00		sql	0.000133	1:(localhost) SELECT * FROM thread WHERE id = ?; (2)
2014-08-26T16:01:17.113522+08:00		sql	0.075231	2:(localhost) INSERT INTO comment SET thread_id = ?, username = ?, body = ?, created = NOW(); (2, Utak, Sobrang sakit na talaga)
2014-08-26T16:01:18.460383+08:00		sql	0.000128	1:(localhost) SELECT * FROM thread WHERE id = ?; (2)
2014-08-26T16:01:18.460871+08:00		sql	0.000301	2:(localhost) SELECT * FROM comment WHERE thread_id = ? ORDER BY created ASC; (2)
2014-08-26T16:01:56.246444+08:00		sql	0.000114	1:(localhost) SELECT * FROM thread; ()
2014-08-26T16:02:11.321049+08:00		sql	0.000117	1:(localhost) SELECT * FROM thread WHERE id = ?; (2)
2014-08-26T16:02:11.321522+08:00		sql	0.000097	2:(localhost) SELECT * FROM comment WHERE thread_id = ? ORDER BY created ASC; (2)
2014-08-26T16:05:18.840996+08:00		sql	0.000135	1:(localhost) SELECT * FROM thread WHERE id = ?; (2)
2014-08-26T16:05:18.877659+08:00		sql	0.036319	2:(localhost) INSERT INTO comment SET thread_id = ?, username = ?, body = ?, created = NOW(); (2, Boom, wasak otak)
2014-08-26T16:05:19.574353+08:00		sql	0.000096	1:(localhost) SELECT * FROM thread WHERE id = ?; (2)
2014-08-26T16:05:19.652199+08:00		sql	0.075406	2:(localhost) INSERT INTO comment SET thread_id = ?, username = ?, body = ?, created = NOW(); (2, hahaha, <h1>Sakit</h1>)
2014-08-26T16:05:21.184651+08:00		sql	0.000062	1:(localhost) SELECT * FROM thread WHERE id = ?; (2)
2014-08-26T16:05:21.185164+08:00		sql	0.000317	2:(localhost) SELECT * FROM comment WHERE thread_id = ? ORDER BY created ASC; (2)
2014-08-26T16:05:31.905399+08:00		sql	0.000155	1:(localhost) SELECT * FROM thread WHERE id = ?; (2)
2014-08-26T16:05:31.905950+08:00		sql	0.000135	2:(localhost) SELECT * FROM comment WHERE thread_id = ? ORDER BY created ASC; (2)
2014-08-26T16:05:41.738965+08:00		sql	0.000121	1:(localhost) SELECT * FROM thread WHERE id = ?; (2)
2014-08-26T16:05:41.786760+08:00		sql	0.047232	2:(localhost) INSERT INTO comment SET thread_id = ?, username = ?, body = ?, created = NOW(); (2, @@@@@@@@@@@@@@@, <button>haha</button>)
2014-08-26T16:05:42.872621+08:00		sql	0.000058	1:(localhost) SELECT * FROM thread WHERE id = ?; (2)
2014-08-26T16:05:42.873186+08:00		sql	0.000356	2:(localhost) SELECT * FROM comment WHERE thread_id = ? ORDER BY created ASC; (2)
2014-08-26T16:05:55.252310+08:00		sql	0.000120	1:(localhost) SELECT * FROM thread WHERE id = ?; (2)
2014-08-26T16:05:55.355828+08:00		sql	0.102819	2:(localhost) INSERT INTO comment SET thread_id = ?, username = ?, body = ?, created = NOW(); (2, hehe, '--)
2014-08-26T16:05:56.682094+08:00		sql	0.000117	1:(localhost) SELECT * FROM thread WHERE id = ?; (2)
2014-08-26T16:05:56.683067+08:00		sql	0.000564	2:(localhost) SELECT * FROM comment WHERE thread_id = ? ORDER BY created ASC; (2)
2014-08-26T16:15:29.385012+08:00		sql	0.000122	1:(localhost) SELECT * FROM thread WHERE id = ?; (2)
2014-08-26T16:15:29.385563+08:00		sql	0.000105	2:(localhost) SELECT * FROM comment WHERE thread_id = ? ORDER BY created ASC; (2)
2014-08-26T16:15:42.035966+08:00		sql	0.000113	1:(localhost) SELECT * FROM thread; ()
2014-08-26T16:15:43.826222+08:00		sql	0.000154	1:(localhost) SELECT * FROM thread WHERE id = ?; (1)
2014-08-26T16:15:43.827060+08:00		sql	0.000445	2:(localhost) SELECT * FROM comment WHERE thread_id = ? ORDER BY created ASC; (1)
2014-08-26T16:16:04.596360+08:00		sql	0.000155	1:(localhost) SELECT * FROM thread WHERE id = ?; (1)
2014-08-26T16:16:04.697060+08:00		sql	0.100262	2:(localhost) INSERT INTO comment SET thread_id = ?, username = ?, body = ?, created = NOW(); (1, bayodyesik, I'm Faqing sik)
2014-08-26T16:16:06.929204+08:00		sql	0.000110	1:(localhost) SELECT * FROM thread WHERE id = ?; (1)
2014-08-26T16:16:06.930039+08:00		sql	0.000415	2:(localhost) SELECT * FROM comment WHERE thread_id = ? ORDER BY created ASC; (1)
2014-08-26T16:20:37.722711+08:00		sql	0.000125	1:(localhost) SELECT * FROM thread WHERE id = ?; (1)
2014-08-26T16:20:37.828093+08:00		sql	0.104787	2:(localhost) INSERT INTO comment SET thread_id = ?, username = ?, body = ?, created = NOW(); (1, aa, kljaaaaaaaaaaaaaasdhlkjasdfhlkjsdhflkjsahdflkjhsdflkjhl;kjfsdh;lkjafsdh;kjsaef; kjh;sadfkh;ksajdfh ;kjsdflkjdsf)
2014-08-26T16:20:39.298319+08:00		sql	0.000120	1:(localhost) SELECT * FROM thread WHERE id = ?; (1)
2014-08-26T16:20:39.299134+08:00		sql	0.000435	2:(localhost) SELECT * FROM comment WHERE thread_id = ? ORDER BY created ASC; (1)
2014-08-26T16:21:12.042751+08:00		sql	0.000061	1:(localhost) SELECT * FROM thread WHERE id = ?; (1)
2014-08-26T16:21:12.141395+08:00		sql	0.098254	2:(localhost) INSERT INTO comment SET thread_id = ?, username = ?, body = ?, created = NOW(); (1, lukolkajsd lkjdfl kjsdh lkdjh lkjdhflkF:K ;dkjh ;dfjh p894 wklj;kjd ;id SD 65d4 8dSFS 1*9d, as)
2014-08-26T16:21:13.833557+08:00		sql	0.000122	1:(localhost) SELECT * FROM thread WHERE id = ?; (1)
2014-08-26T16:21:13.834407+08:00		sql	0.000450	2:(localhost) SELECT * FROM comment WHERE thread_id = ? ORDER BY created ASC; (1)
2014-08-26T16:23:14.113387+08:00		sql	0.000064	1:(localhost) SELECT * FROM thread WHERE id = ?; (1)
2014-08-26T16:23:14.113619+08:00		sql	0.000039	2:(localhost) SELECT * FROM comment WHERE thread_id = ? ORDER BY created ASC; (1)
2014-08-26T16:23:18.836786+08:00		sql	0.000138	1:(localhost) SELECT * FROM thread WHERE id = ?; (1)
2014-08-26T16:23:35.196290+08:00		sql	0.000071	1:(localhost) SELECT * FROM thread WHERE id = ?; (1)
2014-08-26T16:24:11.140056+08:00		sql	0.000128	1:(localhost) SELECT * FROM thread WHERE id = ?; (1)
2014-08-26T16:24:11.277364+08:00		sql	0.136857	2:(localhost) INSERT INTO comment SET thread_id = ?, username = ?, body = ?, created = NOW(); (1, hehe, asjghmkdn hlkjhjkhgdf)
2014-08-26T16:24:13.098426+08:00		sql	0.000138	1:(localhost) SELECT * FROM thread WHERE id = ?; (1)
2014-08-26T16:24:13.099255+08:00		sql	0.000443	2:(localhost) SELECT * FROM comment WHERE thread_id = ? ORDER BY created ASC; (1)
2014-08-26T16:30:43.394954+08:00		sql	0.000065	1:(localhost) SELECT * FROM thread WHERE id = ?; (1)
2014-08-26T16:31:02.211738+08:00		sql	0.000071	1:(localhost) SELECT * FROM thread WHERE id = ?; (1)
2014-08-26T16:31:02.318157+08:00		sql	0.105883	2:(localhost) INSERT INTO comment SET thread_id = ?, username = ?, body = ?, created = NOW(); (1, haha, Dito na me ajdhlkjsadh lkjh kjh lksjd hksdj hlkjd hlksj hlkjdsh lkjdh kjd hlkjdh lkjh ldkj hl hdkjh lkjdh lkjd h)
2014-08-26T16:31:04.049684+08:00		sql	0.000112	1:(localhost) SELECT * FROM thread WHERE id = ?; (1)
2014-08-26T16:31:04.050569+08:00		sql	0.000454	2:(localhost) SELECT * FROM comment WHERE thread_id = ? ORDER BY created ASC; (1)
2014-08-26T16:31:34.340266+08:00		sql	0.000074	1:(localhost) SELECT * FROM thread WHERE id = ?; (1)
2014-08-26T16:32:09.071585+08:00		sql	0.000054	1:(localhost) SELECT * FROM thread WHERE id = ?; (1)
2014-08-26T16:33:25.688786+08:00		sql	0.000115	1:(localhost) SELECT * FROM thread; ()
2014-08-26T16:33:27.048580+08:00		sql	0.000148	1:(localhost) SELECT * FROM thread WHERE id = ?; (1)
2014-08-26T16:33:27.049072+08:00		sql	0.000106	2:(localhost) SELECT * FROM comment WHERE thread_id = ? ORDER BY created ASC; (1)
2014-08-26T16:33:49.063793+08:00		sql	0.000074	1:(localhost) SELECT * FROM thread WHERE id = ?; (1)
2014-08-26T16:34:13.432594+08:00		sql	0.000121	1:(localhost) SELECT * FROM thread WHERE id = ?; (1)
2014-08-26T16:34:13.505841+08:00		sql	0.072616	2:(localhost) INSERT INTO comment SET thread_id = ?, username = ?, body = ?, created = NOW(); (1, ukinam, aklj ;lksj kjeh jd skjfsdh kjsh ';'''''dsoij lkjds asajkd kjdh lskjfdhlkj hdlkj ;dlkllllld;slkf ;kljds ;kljsdh ;kljdsh flkjedhslkdhlklllkj ;lk;lk ;lkh ;lkjh;dkljs h;kdgj hl;kdfsj hllll)
2014-08-26T16:34:15.242612+08:00		sql	0.000154	1:(localhost) SELECT * FROM thread WHERE id = ?; (1)
2014-08-26T16:34:15.243453+08:00		sql	0.000456	2:(localhost) SELECT * FROM comment WHERE thread_id = ? ORDER BY created ASC; (1)
2014-08-26T16:34:36.908631+08:00		sql	0.000173	1:(localhost) SELECT * FROM thread WHERE id = ?; (1)
2014-08-26T16:34:36.909147+08:00		sql	0.000121	2:(localhost) SELECT * FROM comment WHERE thread_id = ? ORDER BY created ASC; (1)
2014-08-26T16:34:38.476932+08:00		sql	0.000126	1:(localhost) SELECT * FROM thread WHERE id = ?; (1)
2014-08-26T16:34:38.477461+08:00		sql	0.000105	2:(localhost) SELECT * FROM comment WHERE thread_id = ? ORDER BY created ASC; (1)
2014-08-26T16:34:58.321061+08:00		sql	0.000094	1:(localhost) SELECT * FROM thread WHERE id = ?; (1)
2014-08-26T16:35:09.130342+08:00		sql	0.000244	1:(localhost) SELECT * FROM thread WHERE id = ?; ()
2014-08-26T16:35:16.433269+08:00		sql	0.000181	1:(localhost) SELECT * FROM thread WHERE id = ?; ()
2014-08-26T16:35:20.162197+08:00		sql	0.000155	1:(localhost) SELECT * FROM thread WHERE id = ?; (1)
2014-08-26T16:35:20.162714+08:00		sql	0.000126	2:(localhost) SELECT * FROM comment WHERE thread_id = ? ORDER BY created ASC; (1)
2014-08-26T16:35:39.300751+08:00		sql	0.000065	1:(localhost) SELECT * FROM thread WHERE id = ?; (1)
2014-08-26T16:35:39.388220+08:00		sql	0.086875	2:(localhost) INSERT INTO comment SET thread_id = ?, username = ?, body = ?, created = NOW(); (1, Ukinam, gotta catch them all!)
2014-08-26T16:35:42.434139+08:00		sql	0.000142	1:(localhost) SELECT * FROM thread WHERE id = ?; (1)
2014-08-26T16:35:42.434995+08:00		sql	0.000469	2:(localhost) SELECT * FROM comment WHERE thread_id = ? ORDER BY created ASC; (1)
2014-08-26T16:38:42.798126+08:00		sql	0.000112	1:(localhost) SELECT * FROM thread WHERE id = ?; (2)
2014-08-26T16:38:42.798861+08:00		sql	0.000347	2:(localhost) SELECT * FROM comment WHERE thread_id = ? ORDER BY created ASC; (2)
2014-08-26T16:39:30.113908+08:00		sql	0.000053	1:(localhost) SELECT * FROM thread; ()
2014-08-26T16:39:31.659365+08:00		sql	0.000061	1:(localhost) SELECT * FROM thread WHERE id = ?; (2)
2014-08-26T16:39:31.659599+08:00		sql	0.000053	2:(localhost) SELECT * FROM comment WHERE thread_id = ? ORDER BY created ASC; (2)
2014-08-26T16:39:48.637092+08:00		sql	0.000068	1:(localhost) SELECT * FROM thread; ()
2014-08-26T16:39:49.982544+08:00		sql	0.000109	1:(localhost) SELECT * FROM thread; ()
2014-08-26T16:39:52.049675+08:00		sql	0.000090	1:(localhost) SELECT * FROM thread WHERE id = ?; (2)
2014-08-26T16:39:52.049971+08:00		sql	0.000049	2:(localhost) SELECT * FROM comment WHERE thread_id = ? ORDER BY created ASC; (2)
2014-08-26T16:39:52.687404+08:00		sql	0.000131	1:(localhost) SELECT * FROM thread; ()
2014-08-26T16:40:10.571712+08:00		sql	0.000117	1:(localhost) SELECT * FROM thread WHERE id = ?; (2)
2014-08-26T16:40:10.572285+08:00		sql	0.000106	2:(localhost) SELECT * FROM comment WHERE thread_id = ? ORDER BY created ASC; (2)
2014-08-26T16:40:21.980461+08:00		sql	0.000055	1:(localhost) SELECT * FROM thread WHERE id = ?; (2)
2014-08-26T16:40:21.980708+08:00		sql	0.000048	2:(localhost) SELECT * FROM comment WHERE thread_id = ? ORDER BY created ASC; (2)
2014-08-26T16:40:24.817884+08:00		sql	0.000118	1:(localhost) SELECT * FROM thread; ()
2014-08-26T17:15:05.272457+08:00		sql	0.000000	1:(localhost) BEGIN; ()
2014-08-26T17:15:05.272931+08:00		sql	0.000209	2:(localhost) INSERT INTO thread SET title = ?, created = NOW(); (sticky)
2014-08-26T17:15:05.273263+08:00		sql	0.000139	3:(localhost) INSERT INTO comment SET thread_id = ?, username = ?, body = ?, created = NOW(); (3, itchy, yaki)
2014-08-26T17:15:05.365948+08:00		sql	0.000139	4:(localhost) COMMIT; ()
2014-08-26T17:15:12.233926+08:00		sql	0.000359	1:(localhost) SELECT * FROM thread WHERE id = ?; (3)
2014-08-26T17:15:12.234706+08:00		sql	0.000312	2:(localhost) SELECT * FROM comment WHERE thread_id = ? ORDER BY created ASC; (3)
2014-08-26T17:15:16.194278+08:00		sql	0.000267	1:(localhost) SELECT * FROM thread; ()
2014-08-26T17:18:34.891220+08:00		sql	0.000378	1:(localhost) SELECT * FROM thread WHERE id = ?; (1)
2014-08-26T17:18:34.891956+08:00		sql	0.000339	2:(localhost) SELECT * FROM comment WHERE thread_id = ? ORDER BY created ASC; (1)
2014-08-26T17:18:50.821078+08:00		sql	0.000065	1:(localhost) SELECT * FROM thread WHERE id = ?; (1)
2014-08-26T17:18:50.914614+08:00		sql	0.093100	2:(localhost) INSERT INTO comment SET thread_id = ?, username = ?, body = ?, created = NOW(); (1, ows, nextline

yung

isa)
2014-08-26T17:18:52.393501+08:00		sql	0.000131	1:(localhost) SELECT * FROM thread WHERE id = ?; (1)
2014-08-26T17:18:52.394374+08:00		sql	0.000479	2:(localhost) SELECT * FROM comment WHERE thread_id = ? ORDER BY created ASC; (1)
2014-08-26T17:19:19.112399+08:00		sql	0.000112	1:(localhost) SELECT * FROM thread WHERE id = ?; (1)
2014-08-26T17:19:19.200888+08:00		sql	0.087718	2:(localhost) INSERT INTO comment SET thread_id = ?, username = ?, body = ?, created = NOW(); (1, hiahaisahkj, next 

in 

line)
2014-08-26T17:19:21.159741+08:00		sql	0.000058	1:(localhost) SELECT * FROM thread WHERE id = ?; (1)
2014-08-26T17:19:21.160238+08:00		sql	0.000282	2:(localhost) SELECT * FROM comment WHERE thread_id = ? ORDER BY created ASC; (1)
2014-08-27T07:00:43.348732+08:00		sql	0.000391	1:(localhost) SELECT * FROM thread WHERE id = ?; (1)
2014-08-27T07:00:43.478070+08:00		sql	0.000621	2:(localhost) SELECT * FROM comment WHERE thread_id = ? ORDER BY created ASC; (1)
2014-08-27T08:41:19.454659+08:00		sql	0.000367	1:(localhost) SELECT * FROM thread; ()
2014-08-27T08:41:28.942820+08:00		sql	0.000000	1:(localhost) BEGIN; ()
2014-08-27T08:41:28.945335+08:00		sql	0.000281	2:(localhost) INSERT INTO thread SET title = ?, created = NOW(); (kjahs;skh;)
2014-08-27T08:41:28.945593+08:00		sql	0.000091	3:(localhost) INSERT INTO comment SET thread_id = ?, username = ?, body = ?, created = NOW(); (4, sadsd, adsdad)
2014-08-27T08:41:29.040558+08:00		sql	0.000091	4:(localhost) COMMIT; ()
2014-08-27T08:41:34.411640+08:00		sql	0.000400	1:(localhost) SELECT * FROM thread WHERE id = ?; (4)
2014-08-27T08:41:34.416961+08:00		sql	0.000457	2:(localhost) SELECT * FROM comment WHERE thread_id = ? ORDER BY created ASC; (4)
2014-08-27T08:43:28.109416+08:00		sql	0.000080	1:(localhost) SELECT * FROM thread WHERE id = ?; (4)
2014-08-27T08:54:44.165820+08:00		sql	0.000327	1:(localhost) SELECT * FROM thread; ()
2014-08-27T08:55:00.007370+08:00		sql	0.000122	1:(localhost) SELECT * FROM thread; ()
2014-08-27T08:56:34.353994+08:00		sql	0.000105	1:(localhost) SELECT * FROM thread; ()
2014-08-27T08:56:40.820577+08:00		sql	0.000143	1:(localhost) SELECT * FROM thread; ()
2014-08-27T08:57:09.862004+08:00		sql	0.000110	1:(localhost) SELECT * FROM thread; ()
2014-08-27T08:59:13.425560+08:00		sql	0.000113	1:(localhost) SELECT * FROM thread; ()
2014-08-27T09:00:06.620747+08:00		sql	0.000146	1:(localhost) SELECT * FROM thread; ()
2014-08-27T09:00:55.183535+08:00		sql	0.000172	1:(localhost) SELECT * FROM thread; ()
2014-08-27T09:01:03.754686+08:00		sql	0.000113	1:(localhost) SELECT * FROM thread; ()
2014-08-27T09:01:13.808317+08:00		sql	0.000070	1:(localhost) SELECT * FROM thread; ()
2014-08-27T09:01:23.513727+08:00		sql	0.000065	1:(localhost) SELECT * FROM thread; ()
2014-08-27T09:01:34.417632+08:00		sql	0.000129	1:(localhost) SELECT * FROM thread; ()
2014-08-27T09:01:35.468200+08:00		sql	0.000117	1:(localhost) SELECT * FROM thread; ()
2014-08-27T09:01:35.890185+08:00		sql	0.000097	1:(localhost) SELECT * FROM thread; ()
2014-08-27T09:01:36.235103+08:00		sql	0.000129	1:(localhost) SELECT * FROM thread; ()
2014-08-27T09:01:36.451136+08:00		sql	0.000114	1:(localhost) SELECT * FROM thread; ()
2014-08-27T09:01:36.711721+08:00		sql	0.000115	1:(localhost) SELECT * FROM thread; ()
2014-08-27T09:01:36.892046+08:00		sql	0.000152	1:(localhost) SELECT * FROM thread; ()
2014-08-27T09:01:37.068050+08:00		sql	0.000061	1:(localhost) SELECT * FROM thread; ()
2014-08-27T09:01:37.330694+08:00		sql	0.000122	1:(localhost) SELECT * FROM thread; ()
2014-08-27T09:01:37.602943+08:00		sql	0.000102	1:(localhost) SELECT * FROM thread; ()
2014-08-27T09:01:37.847679+08:00		sql	0.000122	1:(localhost) SELECT * FROM thread; ()
2014-08-27T09:01:38.043583+08:00		sql	0.000112	1:(localhost) SELECT * FROM thread; ()
2014-08-27T09:01:49.449280+08:00		sql	0.000082	1:(localhost) SELECT * FROM thread; ()
2014-08-27T09:02:28.229060+08:00		sql	0.000066	1:(localhost) SELECT * FROM thread; ()
2014-08-27T09:02:44.541059+08:00		sql	0.000115	1:(localhost) SELECT * FROM thread; ()
2014-08-27T09:02:45.521404+08:00		sql	0.000189	1:(localhost) SELECT * FROM thread; ()
2014-08-27T09:02:45.732117+08:00		sql	0.000066	1:(localhost) SELECT * FROM thread; ()
2014-08-27T09:02:45.922510+08:00		sql	0.000164	1:(localhost) SELECT * FROM thread; ()
2014-08-27T09:02:46.145078+08:00		sql	0.000183	1:(localhost) SELECT * FROM thread; ()
2014-08-27T09:03:08.327122+08:00		sql	0.000127	1:(localhost) SELECT * FROM thread; ()
2014-08-27T09:04:29.480167+08:00		sql	0.000137	1:(localhost) SELECT * FROM thread; ()
2014-08-27T09:05:29.035996+08:00		sql	0.000095	1:(localhost) SELECT * FROM thread; ()
2014-08-27T09:05:38.077992+08:00		sql	0.000099	1:(localhost) SELECT * FROM thread; ()
2014-08-27T09:05:39.001315+08:00		sql	0.000234	1:(localhost) SELECT * FROM thread WHERE id = ?; (1)
2014-08-27T09:05:39.001702+08:00		sql	0.000176	2:(localhost) SELECT * FROM comment WHERE thread_id = ? ORDER BY created ASC; (1)
2014-08-27T09:42:22.011585+08:00		sql	0.000113	1:(localhost) SELECT * FROM thread WHERE id = ?; (6)
2014-08-27T09:42:22.012207+08:00		sql	0.000071	2:(localhost) SELECT * FROM comment WHERE thread_id = ? ORDER BY created ASC; (6)
2014-08-27T09:43:07.894080+08:00		sql	0.000215	1:(localhost) SELECT * FROM thread; ()
2014-08-27T09:43:15.687375+08:00		sql	0.000000	1:(localhost) BEGIN; ()
2014-08-27T09:43:15.687904+08:00		sql	0.000293	2:(localhost) INSERT INTO thread SET title = ?, created = NOW(); (ff)
2014-08-27T09:43:15.688263+08:00		sql	0.000175	3:(localhost) INSERT INTO comment SET thread_id = ?, username = ?, body = ?, created = NOW(); (7, f, f)
2014-08-27T09:43:15.772369+08:00		sql	0.000175	4:(localhost) COMMIT; ()
2014-08-27T09:43:17.119321+08:00		sql	0.000351	1:(localhost) SELECT * FROM thread WHERE id = ?; (7)
2014-08-27T09:43:17.120107+08:00		sql	0.000339	2:(localhost) SELECT * FROM comment WHERE thread_id = ? ORDER BY created ASC; (7)
2014-08-27T09:43:20.750285+08:00		sql	0.000068	1:(localhost) SELECT * FROM thread WHERE id = ?; (7)
2014-08-27T09:43:20.825330+08:00		sql	0.074616	2:(localhost) INSERT INTO comment SET thread_id = ?, username = ?, body = ?, created = NOW(); (7, fa, f)
2014-08-27T09:43:21.932451+08:00		sql	0.000056	1:(localhost) SELECT * FROM thread WHERE id = ?; (7)
2014-08-27T09:43:21.932939+08:00		sql	0.000256	2:(localhost) SELECT * FROM comment WHERE thread_id = ? ORDER BY created ASC; (7)
2014-08-27T09:46:21.569560+08:00		sql	0.000260	1:(localhost) SELECT * FROM thread; ()
2014-08-27T09:47:12.338588+08:00		sql	0.000055	1:(localhost) SELECT * FROM thread; ()
2014-08-27T09:47:57.717407+08:00		sql	0.000107	1:(localhost) SELECT * FROM thread; ()
2014-08-27T09:48:07.714825+08:00		sql	0.000000	1:(localhost) BEGIN; ()
2014-08-27T09:48:07.715324+08:00		sql	0.000229	2:(localhost) INSERT INTO thread SET title = ?, created = NOW(); (haha)
2014-08-27T09:48:07.715707+08:00		sql	0.000163	3:(localhost) INSERT INTO comment SET thread_id = ?, username = ?, body = ?, created = NOW(); (8, hoho, hehe)
2014-08-27T09:48:07.782656+08:00		sql	0.000163	4:(localhost) COMMIT; ()
2014-08-27T09:48:09.264496+08:00		sql	0.000300	1:(localhost) SELECT * FROM thread WHERE id = ?; (8)
2014-08-27T09:48:09.265118+08:00		sql	0.000242	2:(localhost) SELECT * FROM comment WHERE thread_id = ? ORDER BY created ASC; (8)
2014-08-27T09:48:12.361019+08:00		sql	0.000143	1:(localhost) SELECT * FROM thread WHERE id = ?; (8)
2014-08-27T09:48:17.843341+08:00		sql	0.000062	1:(localhost) SELECT * FROM thread WHERE id = ?; (8)
2014-08-27T09:48:17.943306+08:00		sql	0.099116	2:(localhost) INSERT INTO comment SET thread_id = ?, username = ?, body = ?, created = NOW(); (8, haha, fgdgd)
2014-08-27T09:48:19.639197+08:00		sql	0.000116	1:(localhost) SELECT * FROM thread WHERE id = ?; (8)
2014-08-27T09:48:19.640048+08:00		sql	0.000426	2:(localhost) SELECT * FROM comment WHERE thread_id = ? ORDER BY created ASC; (8)
2014-08-27T09:49:16.965031+08:00		sql	0.000117	1:(localhost) SELECT * FROM thread WHERE id = ?; (8)
2014-08-27T09:49:28.667888+08:00		sql	0.000130	1:(localhost) SELECT * FROM thread WHERE id = ?; (8)
2014-08-27T09:51:25.561166+08:00		sql	0.000194	1:(localhost) SELECT * FROM thread; ()
2014-08-27T09:51:33.352259+08:00		sql	0.000000	1:(localhost) BEGIN; ()
2014-08-27T09:51:33.352974+08:00		sql	0.000325	2:(localhost) INSERT INTO thread SET title = ?, created = NOW(); (gd)
2014-08-27T09:51:33.353892+08:00		sql	0.000392	3:(localhost) INSERT INTO comment SET thread_id = ?, username = ?, body = ?, created = NOW(); (9, g, d)
2014-08-27T09:51:33.462807+08:00		sql	0.000392	4:(localhost) COMMIT; ()
2014-08-27T09:51:35.144586+08:00		sql	0.000206	1:(localhost) SELECT * FROM thread WHERE id = ?; (9)
2014-08-27T09:51:35.144921+08:00		sql	0.000134	2:(localhost) SELECT * FROM comment WHERE thread_id = ? ORDER BY created ASC; (9)
2014-08-27T09:51:37.233320+08:00		sql	0.000109	1:(localhost) SELECT * FROM thread WHERE id = ?; (9)
2014-08-27T09:51:37.303031+08:00		sql	0.068989	2:(localhost) INSERT INTO comment SET thread_id = ?, username = ?, body = ?, created = NOW(); (9, g, g)
2014-08-27T09:51:38.647824+08:00		sql	0.000161	1:(localhost) SELECT * FROM thread WHERE id = ?; (9)
2014-08-27T09:51:38.648668+08:00		sql	0.000455	2:(localhost) SELECT * FROM comment WHERE thread_id = ? ORDER BY created ASC; (9)
2014-08-27T09:52:20.237390+08:00		sql	0.000126	1:(localhost) SELECT * FROM thread WHERE id = ?; (9)
2014-08-27T09:52:20.237914+08:00		sql	0.000084	2:(localhost) SELECT * FROM comment WHERE thread_id = ? ORDER BY created ASC; (9)
2014-08-27T09:52:25.995424+08:00		sql	0.000194	1:(localhost) SELECT * FROM thread; ()
2014-08-27T09:52:43.951424+08:00		sql	0.000000	1:(localhost) BEGIN; ()
2014-08-27T09:52:43.952159+08:00		sql	0.000250	2:(localhost) INSERT INTO thread SET title = ?, created = NOW(); (gaga)
2014-08-27T09:52:43.952441+08:00		sql	0.000088	3:(localhost) INSERT INTO comment SET thread_id = ?, username = ?, body = ?, created = NOW(); (10, gaga, gagagag)
2014-08-27T09:52:44.052814+08:00		sql	0.000088	4:(localhost) COMMIT; ()
2014-08-27T09:52:45.024804+08:00		sql	0.000234	1:(localhost) SELECT * FROM thread WHERE id = ?; (10)
2014-08-27T09:52:45.025161+08:00		sql	0.000150	2:(localhost) SELECT * FROM comment WHERE thread_id = ? ORDER BY created ASC; (10)
2014-08-27T09:52:47.413451+08:00		sql	0.000066	1:(localhost) SELECT * FROM thread WHERE id = ?; (10)
2014-08-27T09:52:47.532506+08:00		sql	0.118625	2:(localhost) INSERT INTO comment SET thread_id = ?, username = ?, body = ?, created = NOW(); (10, gdsgg, g)
2014-08-27T09:52:49.042675+08:00		sql	0.000060	1:(localhost) SELECT * FROM thread WHERE id = ?; (10)
2014-08-27T09:52:49.043200+08:00		sql	0.000264	2:(localhost) SELECT * FROM comment WHERE thread_id = ? ORDER BY created ASC; (10)
2014-08-27T09:52:51.817185+08:00		sql	0.000110	1:(localhost) SELECT * FROM thread WHERE id = ?; (10)
2014-08-27T09:52:51.927852+08:00		sql	0.110295	2:(localhost) INSERT INTO comment SET thread_id = ?, username = ?, body = ?, created = NOW(); (10, g, g)
2014-08-27T09:52:54.030786+08:00		sql	0.000117	1:(localhost) SELECT * FROM thread WHERE id = ?; (10)
2014-08-27T09:52:54.031642+08:00		sql	0.000443	2:(localhost) SELECT * FROM comment WHERE thread_id = ? ORDER BY created ASC; (10)
2014-08-27T09:52:59.291487+08:00		sql	0.000059	1:(localhost) SELECT * FROM thread WHERE id = ?; (10)
2014-08-27T09:52:59.354287+08:00		sql	0.062379	2:(localhost) INSERT INTO comment SET thread_id = ?, username = ?, body = ?, created = NOW(); (10, t, t)
2014-08-27T09:53:00.419440+08:00		sql	0.000068	1:(localhost) SELECT * FROM thread WHERE id = ?; (10)
2014-08-27T09:53:00.419918+08:00		sql	0.000261	2:(localhost) SELECT * FROM comment WHERE thread_id = ? ORDER BY created ASC; (10)
2014-08-27T09:53:19.407943+08:00		sql	0.000329	1:(localhost) SELECT * FROM thread; ()
2014-08-27T09:53:24.785078+08:00		sql	0.000000	1:(localhost) BEGIN; ()
2014-08-27T09:53:24.785754+08:00		sql	0.000293	2:(localhost) INSERT INTO thread SET title = ?, created = NOW(); (f)
2014-08-27T09:53:24.786341+08:00		sql	0.000185	3:(localhost) INSERT INTO comment SET thread_id = ?, username = ?, body = ?, created = NOW(); (11, faf, f)
2014-08-27T09:53:24.855240+08:00		sql	0.000185	4:(localhost) COMMIT; ()
2014-08-27T09:53:25.679904+08:00		sql	0.000385	1:(localhost) SELECT * FROM thread WHERE id = ?; (11)
2014-08-27T09:53:25.680629+08:00		sql	0.000335	2:(localhost) SELECT * FROM comment WHERE thread_id = ? ORDER BY created ASC; (11)
2014-08-27T09:53:28.837780+08:00		sql	0.000050	1:(localhost) SELECT * FROM thread WHERE id = ?; (11)
2014-08-27T09:53:28.921402+08:00		sql	0.083237	2:(localhost) INSERT INTO comment SET thread_id = ?, username = ?, body = ?, created = NOW(); (11, fa, fds)
2014-08-27T09:53:29.963649+08:00		sql	0.000065	1:(localhost) SELECT * FROM thread WHERE id = ?; (11)
2014-08-27T09:53:29.964082+08:00		sql	0.000247	2:(localhost) SELECT * FROM comment WHERE thread_id = ? ORDER BY created ASC; (11)
2014-08-27T09:53:38.984777+08:00		sql	0.000059	1:(localhost) SELECT * FROM thread WHERE id = ?; (11)
2014-08-27T09:53:39.063239+08:00		sql	0.078055	2:(localhost) INSERT INTO comment SET thread_id = ?, username = ?, body = ?, created = NOW(); (11, sdfs, gsd
kjij
lkolk)
2014-08-27T09:53:40.415314+08:00		sql	0.000105	1:(localhost) SELECT * FROM thread WHERE id = ?; (11)
2014-08-27T09:53:40.416215+08:00		sql	0.000445	2:(localhost) SELECT * FROM comment WHERE thread_id = ? ORDER BY created ASC; (11)
2014-08-27T09:54:14.447434+08:00		sql	0.000212	1:(localhost) SELECT * FROM thread; ()
2014-08-27T09:54:27.787708+08:00		sql	0.000000	1:(localhost) BEGIN; ()
2014-08-27T09:54:27.788269+08:00		sql	0.000267	2:(localhost) INSERT INTO thread SET title = ?, created = NOW(); (haha)
2014-08-27T09:54:27.788701+08:00		sql	0.000141	3:(localhost) INSERT INTO comment SET thread_id = ?, username = ?, body = ?, created = NOW(); (12, haha, haha
haaah
hha)
2014-08-27T09:54:27.817453+08:00		sql	0.000141	4:(localhost) COMMIT; ()
2014-08-27T09:54:29.167183+08:00		sql	0.000337	1:(localhost) SELECT * FROM thread WHERE id = ?; (12)
2014-08-27T09:54:29.167793+08:00		sql	0.000259	2:(localhost) SELECT * FROM comment WHERE thread_id = ? ORDER BY created ASC; (12)
2014-08-27T10:02:13.992997+08:00		sql	0.000195	1:(localhost) SELECT * FROM thread; ()
2014-08-27T10:02:54.562969+08:00		sql	0.000092	1:(localhost) SELECT * FROM thread; ()
2014-08-27T10:05:50.134278+08:00		sql	0.000103	1:(localhost) SELECT * FROM thread; ()
2014-08-27T10:06:01.575983+08:00		sql	0.000336	1:(localhost) SELECT * FROM thread WHERE id = ?; (1)
2014-08-27T10:06:01.576374+08:00		sql	0.000168	2:(localhost) SELECT * FROM comment WHERE thread_id = ? ORDER BY created ASC; (1)
